# JRE version: Java(TM) SE Runtime Environment (8.0_25-b18) (build 1.8.0_25-b18)
# Java VM: Java HotSpot(TM) 64-Bit Server VM (25.25-b02 mixed mode windows-amd64 compressed oops)
Heap:
 PSYoungGen      total 53760K, used 31437K [0x00000007bc400000, 0x00000007c0000000, 0x00000007c0000000)
  eden space 47104K, 56% used [0x00000007bc400000,0x00000007bde265a8,0x00000007bf200000)
  from space 6656K, 70% used [0x00000007bf980000,0x00000007bfe0d070,0x00000007c0000000)
  to   space 7168K, 0% used [0x00000007bf200000,0x00000007bf200000,0x00000007bf900000)
 ParOldGen       total 79872K, used 52444K [0x0000000700000000, 0x0000000704e00000, 0x00000007bc400000)
  object space 79872K, 65% used [0x0000000700000000,0x0000000703337380,0x0000000704e00000)
 Metaspace       used 62142K, capacity 62631K, committed 63104K, reserved 1103872K
  class space    used 8660K, capacity 8778K, committed 8832K, reserved 1048576K
GC Heap History (10 events):
Event: 3704.340 GC heap before
{Heap before GC invocations=488 (full 142):
 PSYoungGen      total 57344K, used 56286K [0x00000007bc400000, 0x00000007c0000000, 0x00000007c0000000)
  eden space 53248K, 100% used [0x00000007bc400000,0x00000007bf800000,0x00000007bf800000)
  from space 4096K, 74% used [0x00000007bf800000,0x00000007bfaf7818,0x00000007bfc00000)
  to   space 4096K, 0% used [0x00000007bfc00000,0x00000007bfc00000,0x00000007c0000000)
 ParOldGen       total 79872K, used 51455K [0x0000000700000000, 0x0000000704e00000, 0x00000007bc400000)
  object space 79872K, 64% used [0x0000000700000000,0x000000070323fdb8,0x0000000704e00000)
 Metaspace       used 62007K, capacity 62497K, committed 63104K, reserved 1103872K
  class space    used 8657K, capacity 8777K, committed 8832K, reserved 1048576K
Event: 3704.348 GC heap after
Heap after GC invocations=488 (full 142):
 PSYoungGen      total 55296K, used 4073K [0x00000007bc400000, 0x00000007c0000000, 0x00000007c0000000)
  eden space 51200K, 0% used [0x00000007bc400000,0x00000007bc400000,0x00000007bf600000)
  from space 4096K, 99% used [0x00000007bfc00000,0x00000007bfffa738,0x00000007c0000000)
  to   space 5120K, 0% used [0x00000007bf600000,0x00000007bf600000,0x00000007bfb00000)
 ParOldGen       total 79872K, used 51687K [0x0000000700000000, 0x0000000704e00000, 0x00000007bc400000)
  object space 79872K, 64% used [0x0000000700000000,0x0000000703279db8,0x0000000704e00000)
 Metaspace       used 62007K, capacity 62497K, committed 63104K, reserved 1103872K
  class space    used 8657K, capacity 8777K, committed 8832K, reserved 1048576K
}
Event: 3850.555 GC heap before
{Heap before GC invocations=489 (full 142):
 PSYoungGen      total 55296K, used 55273K [0x00000007bc400000, 0x00000007c0000000, 0x00000007c0000000)
  eden space 51200K, 100% used [0x00000007bc400000,0x00000007bf600000,0x00000007bf600000)
  from space 4096K, 99% used [0x00000007bfc00000,0x00000007bfffa738,0x00000007c0000000)
  to   space 5120K, 0% used [0x00000007bf600000,0x00000007bf600000,0x00000007bfb00000)
 ParOldGen       total 79872K, used 51687K [0x0000000700000000, 0x0000000704e00000, 0x00000007bc400000)
  object space 79872K, 64% used [0x0000000700000000,0x0000000703279db8,0x0000000704e00000)
 Metaspace       used 62017K, capacity 62561K, committed 63104K, reserved 1103872K
  class space    used 8657K, capacity 8777K, committed 8832K, reserved 1048576K
Event: 3850.565 GC heap after
Heap after GC invocations=489 (full 142):
 PSYoungGen      total 55296K, used 4042K [0x00000007bc400000, 0x00000007c0000000, 0x00000007c0000000)
  eden space 51200K, 0% used [0x00000007bc400000,0x00000007bc400000,0x00000007bf600000)
  from space 4096K, 98% used [0x00000007bf600000,0x00000007bf9f2878,0x00000007bfa00000)
  to   space 5632K, 0% used [0x00000007bfa80000,0x00000007bfa80000,0x00000007c0000000)
 ParOldGen       total 79872K, used 52444K [0x0000000700000000, 0x0000000704e00000, 0x00000007bc400000)
  object space 79872K, 65% used [0x0000000700000000,0x0000000703337380,0x0000000704e00000)
 Metaspace       used 62017K, capacity 62561K, committed 63104K, reserved 1103872K
  class space    used 8657K, capacity 8777K, committed 8832K, reserved 1048576K
}
Event: 3900.018 GC heap before
{Heap before GC invocations=490 (full 142):
 PSYoungGen      total 55296K, used 55242K [0x00000007bc400000, 0x00000007c0000000, 0x00000007c0000000)
  eden space 51200K, 100% used [0x00000007bc400000,0x00000007bf600000,0x00000007bf600000)
  from space 4096K, 98% used [0x00000007bf600000,0x00000007bf9f2878,0x00000007bfa00000)
  to   space 5632K, 0% used [0x00000007bfa80000,0x00000007bfa80000,0x00000007c0000000)
 ParOldGen       total 79872K, used 52444K [0x0000000700000000, 0x0000000704e00000, 0x00000007bc400000)
  object space 79872K, 65% used [0x0000000700000000,0x0000000703337380,0x0000000704e00000)
 Metaspace       used 62036K, capacity 62567K, committed 63104K, reserved 1103872K
  class space    used 8657K, capacity 8778K, committed 8832K, reserved 1048576K
Event: 3900.024 GC heap after
Heap after GC invocations=490 (full 142):
 PSYoungGen      total 54784K, used 4195K [0x00000007bc400000, 0x00000007c0000000, 0x00000007c0000000)
  eden space 49152K, 0% used [0x00000007bc400000,0x00000007bc400000,0x00000007bf400000)
  from space 5632K, 74% used [0x00000007bfa80000,0x00000007bfe98ca8,0x00000007c0000000)
  to   space 6144K, 0% used [0x00000007bf400000,0x00000007bf400000,0x00000007bfa00000)
 ParOldGen       total 79872K, used 52444K [0x0000000700000000, 0x0000000704e00000, 0x00000007bc400000)
  object space 79872K, 65% used [0x0000000700000000,0x0000000703337380,0x0000000704e00000)
 Metaspace       used 62036K, capacity 62567K, committed 63104K, reserved 1103872K
  class space    used 8657K, capacity 8778K, committed 8832K, reserved 1048576K
}
Event: 3951.658 GC heap before
{Heap before GC invocations=491 (full 142):
 PSYoungGen      total 54784K, used 53347K [0x00000007bc400000, 0x00000007c0000000, 0x00000007c0000000)
  eden space 49152K, 100% used [0x00000007bc400000,0x00000007bf400000,0x00000007bf400000)
  from space 5632K, 74% used [0x00000007bfa80000,0x00000007bfe98ca8,0x00000007c0000000)
  to   space 6144K, 0% used [0x00000007bf400000,0x00000007bf400000,0x00000007bfa00000)
 ParOldGen       total 79872K, used 52444K [0x0000000700000000, 0x0000000704e00000, 0x00000007bc400000)
  object space 79872K, 65% used [0x0000000700000000,0x0000000703337380,0x0000000704e00000)
 Metaspace       used 62091K, capacity 62567K, committed 63104K, reserved 1103872K
  class space    used 8660K, capacity 8778K, committed 8832K, reserved 1048576K
Event: 3951.664 GC heap after
Heap after GC invocations=491 (full 142):
 PSYoungGen      total 53760K, used 4296K [0x00000007bc400000, 0x00000007c0000000, 0x00000007c0000000)
  eden space 49152K, 0% used [0x00000007bc400000,0x00000007bc400000,0x00000007bf400000)
  from space 4608K, 93% used [0x00000007bf400000,0x00000007bf832358,0x00000007bf880000)
  to   space 6656K, 0% used [0x00000007bf980000,0x00000007bf980000,0x00000007c0000000)
 ParOldGen       total 79872K, used 52444K [0x0000000700000000, 0x0000000704e00000, 0x00000007bc400000)
  object space 79872K, 65% used [0x0000000700000000,0x0000000703337380,0x0000000704e00000)
 Metaspace       used 62091K, capacity 62567K, committed 63104K, reserved 1103872K
  class space    used 8660K, capacity 8778K, committed 8832K, reserved 1048576K
}
Event: 3953.685 GC heap before
{Heap before GC invocations=492 (full 142):
 PSYoungGen      total 53760K, used 53448K [0x00000007bc400000, 0x00000007c0000000, 0x00000007c0000000)
  eden space 49152K, 100% used [0x00000007bc400000,0x00000007bf400000,0x00000007bf400000)
  from space 4608K, 93% used [0x00000007bf400000,0x00000007bf832358,0x00000007bf880000)
  to   space 6656K, 0% used [0x00000007bf980000,0x00000007bf980000,0x00000007c0000000)
 ParOldGen       total 79872K, used 52444K [0x0000000700000000, 0x0000000704e00000, 0x00000007bc400000)
  object space 79872K, 65% used [0x0000000700000000,0x0000000703337380,0x0000000704e00000)
 Metaspace       used 62103K, capacity 62631K, committed 63104K, reserved 1103872K
  class space    used 8660K, capacity 8778K, committed 8832K, reserved 1048576K
Event: 3953.692 GC heap after
Heap after GC invocations=492 (full 142):
 PSYoungGen      total 53760K, used 4660K [0x00000007bc400000, 0x00000007c0000000, 0x00000007c0000000)
  eden space 47104K, 0% used [0x00000007bc400000,0x00000007bc400000,0x00000007bf200000)
  from space 6656K, 70% used [0x00000007bf980000,0x00000007bfe0d070,0x00000007c0000000)
  to   space 7168K, 0% used [0x00000007bf200000,0x00000007bf200000,0x00000007bf900000)
 ParOldGen       total 79872K, used 52444K [0x0000000700000000, 0x0000000704e00000, 0x00000007bc400000)
  object space 79872K, 65% used [0x0000000700000000,0x0000000703337380,0x0000000704e00000)
 Metaspace       used 62103K, capacity 62631K, committed 63104K, reserved 1103872K
  class space    used 8660K, capacity 8778K, committed 8832K, reserved 1048576K
}

